2024-06-30 16:20:26 [main] INFO  java.util.zip.DataFormatException - Date format for US region
2024-06-30 16:20:26 [main] INFO  java.util.zip.DataFormatException - String created for date of us region
2024-06-30 16:20:43 [main] INFO  java.util.zip.DataFormatException - Date format for US region
2024-06-30 16:20:43 [main] INFO  java.util.zip.DataFormatException - String created for date of us region
2024-06-30 16:20:43 [main] INFO  java.util.zip.DataFormatException - date format
2024-06-30 16:20:43 [main] INFO  java.util.zip.DataFormatException - date parsed
2024-06-30 16:20:43 [main] INFO  java.util.zip.DataFormatException - date printed
2024-06-30 16:24:53 [main] INFO  org.example.Apps - Playwright --
2024-06-30 16:24:56 [main] INFO  org.example.Apps - browser type
2024-06-30 16:24:56 [main] INFO  org.example.Apps - browser chromium
2024-06-30 16:24:56 [main] INFO  org.example.Apps - browser launch
2024-06-30 16:24:56 [main] INFO  org.example.Apps - browser launched....
2024-06-30 16:25:37 [main] INFO  org.example.DateFormatterExample - Date format for US region
2024-06-30 16:25:37 [main] INFO  org.example.DateFormatterExample - String created for date of us region
2024-06-30 16:25:37 [main] INFO  org.example.DateFormatterExample - date format
2024-06-30 16:25:37 [main] INFO  org.example.DateFormatterExample - date parsed
2024-06-30 16:25:37 [main] INFO  org.example.DateFormatterExample - date printed
2024-06-30 16:35:32 [main] INFO  org.example.ExcelReadingDataExample - File object and employee.xlsx
2024-06-30 16:35:32 [main] INFO  org.example.ExcelReadingDataExample - Input stream...
2024-06-30 16:35:32 [main] INFO  org.example.ExcelReadingDataExample - XSSFWorkbook .......
2024-06-30 16:35:32 [main] INFO  org.example.ExcelReadingDataExample - XSSFSheet...
2024-06-30 16:35:32 [main] INFO  org.example.ExcelReadingDataExample - file open input stream..
2024-06-30 16:35:32 [main] INFO  org.example.ExcelReadingDataExample - file opened input stream...
2024-06-30 16:35:32 [main] INFO  org.example.ExcelReadingDataExample - workbook creation started .....
2024-06-30 16:35:32 [main] INFO  org.example.ExcelReadingDataExample - Reading data from sheet1
2024-06-30 16:35:32 [main] INFO  org.example.ExcelReadingDataExample - Number of rows read from the sheet....
2024-06-30 16:35:32 [main] INFO  org.example.ExcelReadingDataExample - Row iteration strated ...
2024-06-30 16:35:32 [main] INFO  org.example.ExcelReadingDataExample - Heading skipped...
2024-06-30 16:35:32 [main] INFO  org.example.ExcelReadingDataExample - Heading skipped...
2024-06-30 16:35:32 [main] INFO  org.example.ExcelReadingDataExample - Reading data from cell ...
2024-06-30 16:35:32 [main] INFO  org.example.ExcelReadingDataExample - Reading data from cell ...
2024-06-30 16:35:32 [main] INFO  org.example.ExcelReadingDataExample - Reading data from cell ...
2024-06-30 16:35:32 [main] INFO  org.example.ExcelReadingDataExample - Reading data from cell ...
2024-06-30 16:35:32 [main] INFO  org.example.ExcelReadingDataExample - Reading data from cell ...
2024-06-30 16:35:32 [main] INFO  org.example.ExcelReadingDataExample - Reading data from cell ...
2024-06-30 16:35:32 [main] INFO  org.example.ExcelReadingDataExample - Reading data from cell ...
2024-06-30 16:35:32 [main] INFO  org.example.ExcelReadingDataExample - Reading data from cell ...
2024-06-30 16:35:32 [main] INFO  org.example.ExcelReadingDataExample - Reading data from cell ...
2024-06-30 16:35:32 [main] INFO  org.example.ExcelReadingDataExample - workbook closing...
2024-06-30 16:35:32 [main] INFO  org.example.ExcelReadingDataExample - stream closing...
2024-06-30 16:35:32 [main] INFO  org.example.ExcelReadingDataExample - Input stream closed...
2024-06-30 16:35:32 [main] INFO  org.example.ExcelReadingDataExample - files closing...
2024-06-30 19:16:13 [main] INFO  org.example.ExcelReadingDataExample - File object and employee.xlsx
2024-06-30 19:16:13 [main] INFO  org.example.ExcelReadingDataExample - Input stream...
2024-06-30 19:16:13 [main] INFO  org.example.ExcelReadingDataExample - XSSFWorkbook .......
2024-06-30 19:16:13 [main] INFO  org.example.ExcelReadingDataExample - XSSFSheet...
2024-06-30 19:16:13 [main] INFO  org.example.ExcelReadingDataExample - file open input stream..
2024-06-30 19:16:13 [main] INFO  org.example.ExcelReadingDataExample - file opened input stream...
2024-06-30 19:16:13 [main] INFO  org.example.ExcelReadingDataExample - workbook creation started .....
2024-06-30 19:16:13 [main] INFO  org.example.ExcelReadingDataExample - Reading data from sheet1
2024-06-30 19:16:13 [main] INFO  org.example.ExcelReadingDataExample - Number of rows read from the sheet....
2024-06-30 19:16:13 [main] INFO  org.example.ExcelReadingDataExample - Row iteration strated ...
2024-06-30 19:16:13 [main] INFO  org.example.ExcelReadingDataExample - Heading skipped...
2024-06-30 19:16:13 [main] INFO  org.example.ExcelReadingDataExample - Heading skipped...
2024-06-30 19:16:13 [main] INFO  org.example.ExcelReadingDataExample - Reading data from cell ...
2024-06-30 19:16:13 [main] INFO  org.example.ExcelReadingDataExample - Reading data from cell ...
2024-06-30 19:16:13 [main] INFO  org.example.ExcelReadingDataExample - Reading data from cell ...
2024-06-30 19:16:13 [main] INFO  org.example.ExcelReadingDataExample - Reading data from cell ...
2024-06-30 19:16:13 [main] INFO  org.example.ExcelReadingDataExample - Reading data from cell ...
2024-06-30 19:16:13 [main] INFO  org.example.ExcelReadingDataExample - Reading data from cell ...
2024-06-30 19:16:13 [main] INFO  org.example.ExcelReadingDataExample - Reading data from cell ...
2024-06-30 19:16:13 [main] INFO  org.example.ExcelReadingDataExample - Reading data from cell ...
2024-06-30 19:16:13 [main] INFO  org.example.ExcelReadingDataExample - Reading data from cell ...
2024-06-30 19:16:13 [main] INFO  org.example.ExcelReadingDataExample - workbook closing...
2024-06-30 19:16:13 [main] INFO  org.example.ExcelReadingDataExample - stream closing...
2024-06-30 19:16:13 [main] INFO  org.example.ExcelReadingDataExample - Input stream closed...
2024-06-30 19:16:13 [main] INFO  org.example.ExcelReadingDataExample - files closing...
2024-06-30 19:19:02 [main] INFO  org.example.ExcelReadingDataExample - File object and employee.xlsx
2024-06-30 19:19:02 [main] INFO  org.example.ExcelReadingDataExample - Input stream...
2024-06-30 19:19:02 [main] INFO  org.example.ExcelReadingDataExample - XSSFWorkbook .......
2024-06-30 19:19:02 [main] INFO  org.example.ExcelReadingDataExample - XSSFSheet...
2024-06-30 19:19:02 [main] INFO  org.example.ExcelReadingDataExample - file open input stream..
2024-06-30 19:19:02 [main] INFO  org.example.ExcelReadingDataExample - file opened input stream...
2024-06-30 19:19:02 [main] INFO  org.example.ExcelReadingDataExample - workbook creation started .....
2024-06-30 19:19:02 [main] INFO  org.example.ExcelReadingDataExample - Reading data from sheet1
2024-06-30 19:19:02 [main] INFO  org.example.ExcelReadingDataExample - Number of rows read from the sheet....
2024-06-30 19:19:02 [main] INFO  org.example.ExcelReadingDataExample - Row iteration strated ...
2024-06-30 19:19:02 [main] INFO  org.example.ExcelReadingDataExample - Heading skipped...
2024-06-30 19:19:02 [main] INFO  org.example.ExcelReadingDataExample - Heading skipped...
2024-06-30 19:19:02 [main] INFO  org.example.ExcelReadingDataExample - Reading data from cell ...
2024-06-30 19:19:02 [main] INFO  org.example.ExcelReadingDataExample - Reading data from cell ...
2024-06-30 19:19:02 [main] INFO  org.example.ExcelReadingDataExample - Reading data from cell ...
2024-06-30 19:19:02 [main] INFO  org.example.ExcelReadingDataExample - Reading data from cell ...
2024-06-30 19:19:02 [main] INFO  org.example.ExcelReadingDataExample - Reading data from cell ...
2024-06-30 19:19:02 [main] INFO  org.example.ExcelReadingDataExample - Reading data from cell ...
2024-06-30 19:19:02 [main] INFO  org.example.ExcelReadingDataExample - Reading data from cell ...
2024-06-30 19:19:02 [main] INFO  org.example.ExcelReadingDataExample - Reading data from cell ...
2024-06-30 19:19:02 [main] INFO  org.example.ExcelReadingDataExample - Reading data from cell ...
2024-06-30 19:19:02 [main] INFO  org.example.ExcelReadingDataExample - workbook closing...
2024-06-30 19:19:02 [main] INFO  org.example.ExcelReadingDataExample - stream closing...
2024-06-30 19:19:02 [main] INFO  org.example.ExcelReadingDataExample - Input stream closed...
2024-06-30 19:19:02 [main] INFO  org.example.ExcelReadingDataExample - files closing...
2024-06-30 20:38:00 [main] INFO  org.example.ExcelReadingDataExample - File object and employee.xlsx
2024-06-30 20:38:00 [main] INFO  org.example.ExcelReadingDataExample - Input stream...
2024-06-30 20:38:00 [main] INFO  org.example.ExcelReadingDataExample - XSSFWorkbook .......
2024-06-30 20:38:00 [main] INFO  org.example.ExcelReadingDataExample - XSSFSheet...
2024-06-30 20:38:00 [main] INFO  org.example.ExcelReadingDataExample - file open input stream..
2024-06-30 20:38:00 [main] INFO  org.example.ExcelReadingDataExample - file opened input stream...
2024-06-30 20:38:00 [main] INFO  org.example.ExcelReadingDataExample - workbook creation started .....
2024-06-30 20:38:01 [main] INFO  org.example.ExcelReadingDataExample - Reading data from sheet1
2024-06-30 20:38:01 [main] INFO  org.example.ExcelReadingDataExample - Number of rows read from the sheet....
2024-06-30 20:38:01 [main] INFO  org.example.ExcelReadingDataExample - Row iteration strated ...
2024-06-30 20:38:01 [main] INFO  org.example.ExcelReadingDataExample - Heading skipped...
2024-06-30 20:38:01 [main] INFO  org.example.ExcelReadingDataExample - Heading skipped...
2024-06-30 20:38:01 [main] INFO  org.example.ExcelReadingDataExample - Reading data from cell ...
2024-06-30 20:38:01 [main] INFO  org.example.ExcelReadingDataExample - Reading data from cell ...
2024-06-30 20:38:01 [main] INFO  org.example.ExcelReadingDataExample - Reading data from cell ...
2024-06-30 20:38:01 [main] INFO  org.example.ExcelReadingDataExample - Reading data from cell ...
2024-06-30 20:38:01 [main] INFO  org.example.ExcelReadingDataExample - Reading data from cell ...
2024-06-30 20:38:01 [main] INFO  org.example.ExcelReadingDataExample - Reading data from cell ...
2024-06-30 20:38:01 [main] INFO  org.example.ExcelReadingDataExample - Reading data from cell ...
2024-06-30 20:38:01 [main] INFO  org.example.ExcelReadingDataExample - Reading data from cell ...
2024-06-30 20:38:01 [main] INFO  org.example.ExcelReadingDataExample - Reading data from cell ...
2024-06-30 20:38:01 [main] INFO  org.example.ExcelReadingDataExample - workbook closing...
2024-06-30 20:38:01 [main] INFO  org.example.ExcelReadingDataExample - stream closing...
2024-06-30 20:38:01 [main] INFO  org.example.ExcelReadingDataExample - Input stream closed...
2024-06-30 20:38:01 [main] INFO  org.example.ExcelReadingDataExample - files closing...
2024-07-03 09:56:19 [main] INFO  org.example.ExcelReadingDataExample - File object and employee.xlsx
2024-07-03 09:56:19 [main] INFO  org.example.ExcelReadingDataExample - Input stream...
2024-07-03 09:56:19 [main] INFO  org.example.ExcelReadingDataExample - XSSFWorkbook .......
2024-07-03 09:56:19 [main] INFO  org.example.ExcelReadingDataExample - XSSFSheet...
2024-07-03 09:56:19 [main] INFO  org.example.ExcelReadingDataExample - file open input stream..
2024-07-03 09:56:19 [main] INFO  org.example.ExcelReadingDataExample - file opened input stream...
2024-07-03 09:56:19 [main] INFO  org.example.ExcelReadingDataExample - workbook creation started .....
2024-07-03 09:56:19 [main] INFO  org.example.ExcelReadingDataExample - Reading data from sheet1
2024-07-03 09:56:19 [main] INFO  org.example.ExcelReadingDataExample - Number of rows read from the sheet....
2024-07-03 09:56:19 [main] INFO  org.example.ExcelReadingDataExample - Row iteration strated ...
2024-07-03 09:56:19 [main] INFO  org.example.ExcelReadingDataExample - Heading skipped...
2024-07-03 09:56:19 [main] INFO  org.example.ExcelReadingDataExample - Heading skipped...
2024-07-03 09:56:19 [main] INFO  org.example.ExcelReadingDataExample - Reading data from cell ...
2024-07-03 09:56:19 [main] INFO  org.example.ExcelReadingDataExample - Reading data from cell ...
2024-07-03 09:56:19 [main] INFO  org.example.ExcelReadingDataExample - Reading data from cell ...
2024-07-03 09:56:19 [main] INFO  org.example.ExcelReadingDataExample - Reading data from cell ...
2024-07-03 09:56:19 [main] INFO  org.example.ExcelReadingDataExample - Reading data from cell ...
2024-07-03 09:56:19 [main] INFO  org.example.ExcelReadingDataExample - Reading data from cell ...
2024-07-03 09:56:19 [main] INFO  org.example.ExcelReadingDataExample - Reading data from cell ...
2024-07-03 09:56:19 [main] INFO  org.example.ExcelReadingDataExample - Reading data from cell ...
2024-07-03 09:56:19 [main] INFO  org.example.ExcelReadingDataExample - Reading data from cell ...
2024-07-03 09:56:19 [main] INFO  org.example.ExcelReadingDataExample - workbook closing...
2024-07-03 09:56:19 [main] INFO  org.example.ExcelReadingDataExample - stream closing...
2024-07-03 09:56:19 [main] INFO  org.example.ExcelReadingDataExample - Input stream closed...
2024-07-03 09:56:19 [main] INFO  org.example.ExcelReadingDataExample - files closing...
